<?xml version="1.0" encoding="UTF-8"?>
<!-- Generated by org.testng.reporters.JUnitXMLReporter -->
<testsuite ignored="7" hostname="LAPTOP-EJ0A88JD" failures="0" tests="1" name="Default test" time="33.009" errors="0" timestamp="2022-02-12T23:15:56 IST">
  <testcase classname="AppiumExample.AppiumExample.AppiumDemoAPK" name="seekBarTest" time="32.943"/>
  <testcase classname="AppiumExample.AppiumExample.AppiumDemoAPK" name="myTest" time="0.0">
    <ignored/>
  </testcase> <!-- myTest -->
  <testcase classname="AppiumExample.AppiumExample.AppiumDemoAPK" name="pickerTest" time="0.0">
    <ignored/>
  </testcase> <!-- pickerTest -->
  <testcase classname="AppiumExample.AppiumExample.AppiumDemoAPK" name="PreInstalledTest" time="0.0">
    <ignored/>
  </testcase> <!-- PreInstalledTest -->
  <testcase classname="AppiumExample.AppiumExample.AppiumDemoAPK" name="myTest2" time="0.0">
    <ignored/>
  </testcase> <!-- myTest2 -->
  <testcase classname="AppiumExample.AppiumExample.AppiumDemoAPK" name="myTest3" time="0.0">
    <ignored/>
  </testcase> <!-- myTest3 -->
  <testcase classname="AppiumExample.AppiumExample.AppiumDemoAPK" name="myTest4" time="0.0">
    <ignored/>
  </testcase> <!-- myTest4 -->
  <testcase classname="AppiumExample.AppiumExample.AppiumDemoAPK" name="dateScrollerTest" time="0.0">
    <ignored/>
  </testcase> <!-- dateScrollerTest -->
</testsuite> <!-- Default test -->
