<?xml version="1.0" encoding="UTF-8"?>
<testng-results ignored="7" total="8" passed="1" failed="0" skipped="0">
  <reporter-output>
  </reporter-output>
  <suite started-at="2022-02-12T23:15:23 IST" name="Default suite" finished-at="2022-02-12T23:15:56 IST" duration-ms="33009">
    <groups>
    </groups>
    <test started-at="2022-02-12T23:15:23 IST" name="Default test" finished-at="2022-02-12T23:15:56 IST" duration-ms="33009">
      <class name="AppiumExample.AppiumExample.AppiumDemoAPK">
        <test-method signature="seekBarTest()[pri:0, instance:AppiumExample.AppiumExample.AppiumDemoAPK@7bab3f1a]" started-at="2022-02-12T23:15:23 IST" name="seekBarTest" finished-at="2022-02-12T23:15:56 IST" duration-ms="32943" status="PASS">
          <reporter-output>
          </reporter-output>
        </test-method> <!-- seekBarTest -->
      </class> <!-- AppiumExample.AppiumExample.AppiumDemoAPK -->
    </test> <!-- Default test -->
  </suite> <!-- Default suite -->
</testng-results>
